<?xml version="1.0" encoding="UTF-8"?>
<testsuite xmlns:xsi="http://www.w3.org/2001/XMLSchema-instance" xsi:noNamespaceSchemaLocation="https://maven.apache.org/surefire/maven-surefire-plugin/xsd/surefire-test-report-3.0.xsd" version="3.0" name="com.example.agora.AgoraTokenServiceTest" time="0.152" tests="3" errors="0" skipped="0" failures="0">
  <properties>
[...]
</properties>
  <testcase name="testGeneratePatientUidToken" classname="com.example.agora.AgoraTokenServiceTest" time="0.12">
    <system-out><![CDATA[UID-based token: UID=1001, Channel=test-channel-123, Expires=1800s
Patient UID token: 007eJxTYJh260WuYHb7hqvl9yyn6m+3ETq945hTTV6vfNdnxXtTuJwUGFLN0wwtk0ySkxNTUkxMk9MSzc3TTMyNLC2MEy2SLUwt1vVYZnCwMzC0vd4ZwcjAyMACxCA+E5hkBpMsYFKAoSS1uEQ3OSMxLy81R9fQyJiFwdDAwBAA9Poksw==
]]></system-out>
  </testcase>
  <testcase name="testGenerateDynamicUidToken" classname="com.example.agora.AgoraTokenServiceTest" time="0.003">
    <system-out><![CDATA[UID-based token: UID=0, Channel=test-channel-123, Expires=1800s
Dynamic UID token (uid=0): 007eJxTYLBzWOJiOz2v1GqZ4veVqaZrlTULau972VxsW5DbKOza9V+BIdU8zdAyySQ5OTElxcQ0OS3R3DzNxNzI0sI40SLZwtRiXY9lBgc7A8OtCb8PMjIwMrAAMYjPBCaZwSQLmBRgKEktLtFNzkjMy0vN0TU0MmZgAAClDyLZ
]]></system-out>
  </testcase>
  <testcase name="testGenerateDoctorUidToken" classname="com.example.agora.AgoraTokenServiceTest" time="0.002">
    <system-out><![CDATA[UID-based token: UID=2001, Channel=test-channel-123, Expires=1800s
Doctor UID token: 007eJxTYPi6+v6Dc29rHE9FnnBmzj7TJla1cFXiRo+Z8W9rrhjPO62owJBqnmZomWSSnJyYkmJimpyWaG6eZmJuZGlhnGiRbGFqsa7HMoODnYEhb6Z4JyMDIwMLEIP4TGCSGUyygEkBhpLU4hLd5IzEvLzUHF1DI2MWBiMDA0MAmrIlpA==
]]></system-out>
  </testcase>
</testsuite>